Using pre-set license
Built from '2022.3/release' branch; Version is '2022.3.18f1 (d29bea25151d) revision 13802474'; Using compiler version '192829333'; Build Type 'Release'
OS: 'Windows 10  (10.0.19045) 64bit Professional' Language: 'es' Physical Memory: 16251 MB
BatchMode: 1, IsHumanControllingUs: 0, StartBugReporterOnCrash: 0, Is64bit: 1, IsPro: 1

COMMAND LINE ARGUMENTS:
C:\Program Files\Unity\Hub\Editor\2022.3.18f1\Editor\Unity.exe
-adb2
-batchMode
-noUpm
-name
AssetImportWorker2
-projectPath
C:/Users/ADMIN/Documents/UNITY/labdsj_04
-logFile
Logs/AssetImportWorker2.log
-srvPort
64800
Successfully changed project path to: C:/Users/ADMIN/Documents/UNITY/labdsj_04
C:/Users/ADMIN/Documents/UNITY/labdsj_04
[UnityMemory] Configuration Parameters - Can be set up in boot.config
    "memorysetup-bucket-allocator-granularity=16"
    "memorysetup-bucket-allocator-bucket-count=8"
    "memorysetup-bucket-allocator-block-size=33554432"
    "memorysetup-bucket-allocator-block-count=8"
    "memorysetup-main-allocator-block-size=16777216"
    "memorysetup-thread-allocator-block-size=16777216"
    "memorysetup-gfx-main-allocator-block-size=16777216"
    "memorysetup-gfx-thread-allocator-block-size=16777216"
    "memorysetup-cache-allocator-block-size=4194304"
    "memorysetup-typetree-allocator-block-size=2097152"
    "memorysetup-profiler-bucket-allocator-granularity=16"
    "memorysetup-profiler-bucket-allocator-bucket-count=8"
    "memorysetup-profiler-bucket-allocator-block-size=33554432"
    "memorysetup-profiler-bucket-allocator-block-count=8"
    "memorysetup-profiler-allocator-block-size=16777216"
    "memorysetup-profiler-editor-allocator-block-size=1048576"
    "memorysetup-temp-allocator-size-main=16777216"
    "memorysetup-job-temp-allocator-block-size=2097152"
    "memorysetup-job-temp-allocator-block-size-background=1048576"
    "memorysetup-job-temp-allocator-reduction-small-platforms=262144"
    "memorysetup-allocator-temp-initial-block-size-main=262144"
    "memorysetup-allocator-temp-initial-block-size-worker=262144"
    "memorysetup-temp-allocator-size-background-worker=32768"
    "memorysetup-temp-allocator-size-job-worker=262144"
    "memorysetup-temp-allocator-size-preload-manager=33554432"
    "memorysetup-temp-allocator-size-nav-mesh-worker=65536"
    "memorysetup-temp-allocator-size-audio-worker=65536"
    "memorysetup-temp-allocator-size-cloud-worker=32768"
    "memorysetup-temp-allocator-size-gi-baking-worker=262144"
    "memorysetup-temp-allocator-size-gfx=262144"
Player connection [28596] Host "[IP] 192.168.100.6 [Port] 0 [Flags] 2 [Guid] 1670734186 [EditorId] 1670734186 [Version] 1048832 [Id] WindowsEditor(7,DESKTOP-OSLP85E) [Debug] 1 [PackageName] WindowsEditor [ProjectName] Editor" joined multi-casting on [225.0.0.222:54997]...

Player connection [28596] Host "[IP] 192.168.100.6 [Port] 0 [Flags] 2 [Guid] 1670734186 [EditorId] 1670734186 [Version] 1048832 [Id] WindowsEditor(7,DESKTOP-OSLP85E) [Debug] 1 [PackageName] WindowsEditor [ProjectName] Editor" joined alternative multi-casting on [225.0.0.222:34997]...

[Physics::Module] Initialized MultithreadedJobDispatcher with 15 workers.
Refreshing native plugins compatible for Editor in 2161.02 ms, found 4 plugins.
Preloading 0 native plugins for Editor in 0.00 ms.
Initialize engine version: 2022.3.18f1 (d29bea25151d)
[Subsystems] Discovering subsystems at path C:/Program Files/Unity/Hub/Editor/2022.3.18f1/Editor/Data/Resources/UnitySubsystems
[Subsystems] Discovering subsystems at path C:/Users/ADMIN/Documents/UNITY/labdsj_04/Assets
GfxDevice: creating device client; threaded=0; jobified=0
Direct3D:
    Version:  Direct3D 11.0 [level 11.1]
    Renderer: NVIDIA GeForce GTX 1650 (ID=0x2188)
    Vendor:   NVIDIA
    VRAM:     3935 MB
    Driver:   32.0.15.6094
Initialize mono
Mono path[0] = 'C:/Program Files/Unity/Hub/Editor/2022.3.18f1/Editor/Data/Managed'
Mono path[1] = 'C:/Program Files/Unity/Hub/Editor/2022.3.18f1/Editor/Data/MonoBleedingEdge/lib/mono/unityjit-win32'
Mono config path = 'C:/Program Files/Unity/Hub/Editor/2022.3.18f1/Editor/Data/MonoBleedingEdge/etc'
Using monoOptions --debugger-agent=transport=dt_socket,embedding=1,server=y,suspend=n,address=127.0.0.1:56612
Begin MonoManager ReloadAssembly
Registering precompiled unity dll's ...
Register platform support module: C:/Program Files/Unity/Hub/Editor/2022.3.18f1/Editor/Data/PlaybackEngines/AndroidPlayer/UnityEditor.Android.Extensions.dll
Register platform support module: C:/Program Files/Unity/Hub/Editor/2022.3.18f1/Editor/Data/PlaybackEngines/WindowsStandaloneSupport/UnityEditor.WindowsStandalone.Extensions.dll
Registered in 0.299954 seconds.
- Loaded All Assemblies, in  5.643 seconds
Native extension for WindowsStandalone target not found
Native extension for Android target not found
Android Extension - Scanning For ADB Devices 371 ms
Mono: successfully reloaded assembly
- Finished resetting the current domain, in  0.704 seconds
Domain Reload Profiling: 6345ms
	BeginReloadAssembly (4973ms)
		ExecutionOrderSort (0ms)
		DisableScriptedObjects (0ms)
		BackupInstance (0ms)
		ReleaseScriptingObjects (0ms)
		CreateAndSetChildDomain (1ms)
	RebuildCommonClasses (37ms)
	RebuildNativeTypeToScriptingClass (10ms)
	initialDomainReloadingComplete (354ms)
	LoadAllAssembliesAndSetupDomain (266ms)
		LoadAssemblies (4971ms)
		RebuildTransferFunctionScriptingTraits (0ms)
		AnalyzeDomain (263ms)
			TypeCache.Refresh (261ms)
				TypeCache.ScanAssembly (248ms)
			ScanForSourceGeneratedMonoScriptInfo (0ms)
			ResolveRequiredComponents (0ms)
	FinalizeReload (705ms)
		ReleaseScriptCaches (0ms)
		RebuildScriptCaches (0ms)
		SetupLoadedEditorAssemblies (649ms)
			LogAssemblyErrors (0ms)
			InitializePlatformSupportModulesInManaged (486ms)
			SetLoadedEditorAssemblies (4ms)
			RefreshPlugins (0ms)
			BeforeProcessingInitializeOnLoad (2ms)
			ProcessInitializeOnLoadAttributes (104ms)
			ProcessInitializeOnLoadMethodAttributes (52ms)
			AfterProcessingInitializeOnLoad (0ms)
			EditorAssembliesLoaded (0ms)
		ExecutionOrderSort2 (0ms)
		AwakeInstancesAfterBackupRestoration (0ms)
========================================================================
Worker process is ready to serve import requests
Begin MonoManager ReloadAssembly
- Loaded All Assemblies, in  8.273 seconds
Refreshing native plugins compatible for Editor in 6.67 ms, found 4 plugins.
Native extension for WindowsStandalone target not found
Native extension for Android target not found
Mono: successfully reloaded assembly
- Finished resetting the current domain, in  0.671 seconds
Domain Reload Profiling: 8929ms
	BeginReloadAssembly (153ms)
		ExecutionOrderSort (0ms)
		DisableScriptedObjects (5ms)
		BackupInstance (0ms)
		ReleaseScriptingObjects (0ms)
		CreateAndSetChildDomain (20ms)
	RebuildCommonClasses (35ms)
	RebuildNativeTypeToScriptingClass (10ms)
	initialDomainReloadingComplete (44ms)
	LoadAllAssembliesAndSetupDomain (8015ms)
		LoadAssemblies (7741ms)
		RebuildTransferFunctionScriptingTraits (0ms)
		AnalyzeDomain (369ms)
			TypeCache.Refresh (329ms)
				TypeCache.ScanAssembly (259ms)
			ScanForSourceGeneratedMonoScriptInfo (29ms)
			ResolveRequiredComponents (9ms)
	FinalizeReload (671ms)
		ReleaseScriptCaches (0ms)
		RebuildScriptCaches (0ms)
		SetupLoadedEditorAssemblies (509ms)
			LogAssemblyErrors (0ms)
			InitializePlatformSupportModulesInManaged (22ms)
			SetLoadedEditorAssemblies (4ms)
			RefreshPlugins (0ms)
			BeforeProcessingInitializeOnLoad (81ms)
			ProcessInitializeOnLoadAttributes (312ms)
			ProcessInitializeOnLoadMethodAttributes (80ms)
			AfterProcessingInitializeOnLoad (9ms)
			EditorAssembliesLoaded (0ms)
		ExecutionOrderSort2 (0ms)
		AwakeInstancesAfterBackupRestoration (5ms)
Launched and connected shader compiler UnityShaderCompiler.exe after 0.06 seconds
Refreshing native plugins compatible for Editor in 5.90 ms, found 4 plugins.
Preloading 0 native plugins for Editor in 0.00 ms.
Unloading 5715 Unused Serialized files (Serialized files now loaded: 0)
Unloading 86 unused Assets / (352.4 KB). Loaded Objects now: 6177.
Memory consumption went from 227.1 MB to 226.7 MB.
Total: 4.862900 ms (FindLiveObjects: 0.883100 ms CreateObjectMapping: 0.828800 ms MarkObjects: 2.902200 ms  DeleteObjects: 0.247900 ms)

AssetImportParameters requested are different than current active one (requested -> active):
  custom:container-demuxer-ogg: 62fdf1f143b41e24485cea50d1cbac27 -> 
  custom:video-decoder-ogg-theora: a1e56fd34408186e4bbccfd4996cb3dc -> 
  custom:scripting/monoscript/fileName/movimientolado.cs: d6cc993b5b2cea01103bfb2afe20b4f3 -> 
  custom:framework-win-MediaFoundation: 216162199b28c13a410421893ffa2e32 -> 
  custom:scripting/monoscript/fileName/NewBehaviourScript.cs: b21687ddb03d73bd9f0c1daecb9714de -> 
  custom:CustomObjectIndexerAttribute: 62b5816608c3102f162a1797e29626cf -> 
  custom:container-demuxer-webm: 4f35f7cbe854078d1ac9338744f61a02 -> 
  custom:container-muxer-webm: aa71ff27fc2769a1b78a27578f13a17b -> 
  custom:video-decoder-webm-vp8: 9c59270c3fd7afecdb556c50c9e8de78 -> 
  custom:SearchIndexIgnoredProperties: e643bd26f0fe6173181afceb89e7c659 -> 
  custom:AudioImporter_EditorPlatform: d09bf68614088b80899f8185d706f6e7 -> 
  custom:video-encoder-webm-vp8: eb34c28f22e8b96e1ab97ce403110664 -> 
  custom:audio-decoder-ogg-vorbis: bf7c407c2cedff20999df2af8eb42d56 -> 
  custom:audio-encoder-webm-vorbis: bf7c407c2cedff20999df2af8eb42d56 -> 
========================================================================
Received Import Request.
  Time since last request: 534738.310704 seconds.
  path: Assets/TextureHaven/bricks_4k/bricks_4k_textures/brick_4/brick_4_AO_4k.png
  artifactKey: Guid(b5889fce6f5570a4baaf023b45dbea50) Importer(815301076,1909f56bfc062723c751e8b465ee728b)
Start importing Assets/TextureHaven/bricks_4k/bricks_4k_textures/brick_4/brick_4_AO_4k.png using Guid(b5889fce6f5570a4baaf023b45dbea50) Importer(815301076,1909f56bfc062723c751e8b465ee728b)  -> (artifact id: 'c2c1a77028951d5974422162bd245881') in 0.126277 seconds
Number of updated asset objects reloaded before import = 0
Number of asset objects unloaded after import = 2
========================================================================
Received Import Request.
  Time since last request: 0.000018 seconds.
  path: Assets/TextureHaven/bricks_4k/bricks_4k_textures/brick_4/brick_4_SpecSmoothness.png
  artifactKey: Guid(bdf217c2ae2e1f448b5a0ab8e475b1f3) Importer(815301076,1909f56bfc062723c751e8b465ee728b)
Start importing Assets/TextureHaven/bricks_4k/bricks_4k_textures/brick_4/brick_4_SpecSmoothness.png using Guid(bdf217c2ae2e1f448b5a0ab8e475b1f3) Importer(815301076,1909f56bfc062723c751e8b465ee728b)  -> (artifact id: 'fb7e13db1fcf12465e6fee51477b474c') in 0.063508 seconds
Number of updated asset objects reloaded before import = 0
Number of asset objects unloaded after import = 2
========================================================================
Received Import Request.
  Time since last request: 22.603568 seconds.
  path: Assets/TextureHaven/bricks_4k/bricks_4k_textures/brown_brick_02/brown_brick_02_AO_4k.png
  artifactKey: Guid(d8928961233c7fb4c98a35d15e5ebd6c) Importer(815301076,1909f56bfc062723c751e8b465ee728b)
Start importing Assets/TextureHaven/bricks_4k/bricks_4k_textures/brown_brick_02/brown_brick_02_AO_4k.png using Guid(d8928961233c7fb4c98a35d15e5ebd6c) Importer(815301076,1909f56bfc062723c751e8b465ee728b)  -> (artifact id: 'c467c52b4f43d7716621526a95bceeb6') in 0.051564 seconds
Number of updated asset objects reloaded before import = 0
Number of asset objects unloaded after import = 2
========================================================================
Received Import Request.
  Time since last request: 0.032364 seconds.
  path: Assets/TextureHaven/bricks_4k/bricks_4k_textures/brown_brick_02/brown_brick_02_Nor_4k.png
  artifactKey: Guid(23485757d41e1aa4c84d840bb7b9243d) Importer(815301076,1909f56bfc062723c751e8b465ee728b)
Start importing Assets/TextureHaven/bricks_4k/bricks_4k_textures/brown_brick_02/brown_brick_02_Nor_4k.png using Guid(23485757d41e1aa4c84d840bb7b9243d) Importer(815301076,1909f56bfc062723c751e8b465ee728b)  -> (artifact id: '951d56412fc2d5283529e18efa224dea') in 0.079341 seconds
Number of updated asset objects reloaded before import = 0
Number of asset objects unloaded after import = 2
========================================================================
Received Import Request.
  Time since last request: 0.192629 seconds.
  path: Assets/TextureHaven/bricks_4k/bricks_4k_textures/castle_brick_01/castle_brick_01_ao_4k.png
  artifactKey: Guid(2de7b46ff0858f741b86c0948d11d55f) Importer(815301076,1909f56bfc062723c751e8b465ee728b)
Start importing Assets/TextureHaven/bricks_4k/bricks_4k_textures/castle_brick_01/castle_brick_01_ao_4k.png using Guid(2de7b46ff0858f741b86c0948d11d55f) Importer(815301076,1909f56bfc062723c751e8b465ee728b)  -> (artifact id: 'c83475a61567fb47f8bc53b2b5ff05de') in 0.054416 seconds
Number of updated asset objects reloaded before import = 0
Number of asset objects unloaded after import = 2
========================================================================
Received Import Request.
  Time since last request: 0.029646 seconds.
  path: Assets/TextureHaven/bricks_4k/bricks_4k_textures/castle_brick_01/castle_brick_01_disp_4k.png
  artifactKey: Guid(76312e18f9f817146a7f9b024174e24d) Importer(815301076,1909f56bfc062723c751e8b465ee728b)
Start importing Assets/TextureHaven/bricks_4k/bricks_4k_textures/castle_brick_01/castle_brick_01_disp_4k.png using Guid(76312e18f9f817146a7f9b024174e24d) Importer(815301076,1909f56bfc062723c751e8b465ee728b)  -> (artifact id: '0c4cf901a3feee8cc12c3d9e910f6e73') in 0.048640 seconds
Number of updated asset objects reloaded before import = 0
Number of asset objects unloaded after import = 2
========================================================================
Received Import Request.
  Time since last request: 0.689264 seconds.
  path: Assets/TextureHaven/bricks_4k/bricks_4k_textures/castle_brick_01/castle_brick_01_rough_4k.png
  artifactKey: Guid(b073d8f3663f5374b8b51d2adaeb27e4) Importer(815301076,1909f56bfc062723c751e8b465ee728b)
Start importing Assets/TextureHaven/bricks_4k/bricks_4k_textures/castle_brick_01/castle_brick_01_rough_4k.png using Guid(b073d8f3663f5374b8b51d2adaeb27e4) Importer(815301076,1909f56bfc062723c751e8b465ee728b)  -> (artifact id: '88c13186be8ea1cc89d572e72ba9cbb6') in 0.036978 seconds
Number of updated asset objects reloaded before import = 0
Number of asset objects unloaded after import = 2
========================================================================
Received Import Request.
  Time since last request: 42.730076 seconds.
  path: Assets/TextureHaven/bricks_4k/bricks_4k_textures/factory_brick/factory_brick_ao_4k.png
  artifactKey: Guid(81db0df21f204864a940d8128d16e1bc) Importer(815301076,1909f56bfc062723c751e8b465ee728b)
Start importing Assets/TextureHaven/bricks_4k/bricks_4k_textures/factory_brick/factory_brick_ao_4k.png using Guid(81db0df21f204864a940d8128d16e1bc) Importer(815301076,1909f56bfc062723c751e8b465ee728b)  -> (artifact id: '17d6e66f57d981ecdc15943c0322aa83') in 0.061631 seconds
Number of updated asset objects reloaded before import = 0
Number of asset objects unloaded after import = 2
========================================================================
Received Import Request.
  Time since last request: 0.000061 seconds.
  path: Assets/TextureHaven/bricks_4k/bricks_4k_textures/factory_brick/factory_brick_rough_4k.png
  artifactKey: Guid(7803692ccfcaec149a7700d0706fd9ae) Importer(815301076,1909f56bfc062723c751e8b465ee728b)
Start importing Assets/TextureHaven/bricks_4k/bricks_4k_textures/factory_brick/factory_brick_rough_4k.png using Guid(7803692ccfcaec149a7700d0706fd9ae) Importer(815301076,1909f56bfc062723c751e8b465ee728b)  -> (artifact id: 'e63dcd980c49e67b933bbd8405c415ef') in 0.041962 seconds
Number of updated asset objects reloaded before import = 0
Number of asset objects unloaded after import = 2
========================================================================
Received Import Request.
  Time since last request: 14.117107 seconds.
  path: Assets/TextureHaven/bricks_4k/bricks_4k_textures/castle_brick_02_white/castle_brick_02_white_ao_4k.png
  artifactKey: Guid(0518468c0b2592f47ba118d5400d2487) Importer(815301076,1909f56bfc062723c751e8b465ee728b)
Start importing Assets/TextureHaven/bricks_4k/bricks_4k_textures/castle_brick_02_white/castle_brick_02_white_ao_4k.png using Guid(0518468c0b2592f47ba118d5400d2487) Importer(815301076,1909f56bfc062723c751e8b465ee728b)  -> (artifact id: '4981efab5e40d8da59ee7b62d3045f36') in 0.088728 seconds
Number of updated asset objects reloaded before import = 0
Number of asset objects unloaded after import = 2
========================================================================
Received Import Request.
  Time since last request: 0.708835 seconds.
  path: Assets/TextureHaven/bricks_4k/bricks_4k_textures/castle_brick_02_red/castle_brick_02_red_ao_4k.png
  artifactKey: Guid(1ed95f047ea8d144a9f1d5a5887164a8) Importer(815301076,1909f56bfc062723c751e8b465ee728b)
Start importing Assets/TextureHaven/bricks_4k/bricks_4k_textures/castle_brick_02_red/castle_brick_02_red_ao_4k.png using Guid(1ed95f047ea8d144a9f1d5a5887164a8) Importer(815301076,1909f56bfc062723c751e8b465ee728b)  -> (artifact id: '64defee56a1ca278effdf9c95999170f') in 0.062753 seconds
Number of updated asset objects reloaded before import = 0
Number of asset objects unloaded after import = 2
========================================================================
Received Import Request.
  Time since last request: 0.000033 seconds.
  path: Assets/TextureHaven/bricks_4k/bricks_4k_textures/castle_brick_02_red/castle_brick_02_red_rough_ao_4k.png
  artifactKey: Guid(87eb5db982a4f8d4583ceb9783eeef2a) Importer(815301076,1909f56bfc062723c751e8b465ee728b)
Start importing Assets/TextureHaven/bricks_4k/bricks_4k_textures/castle_brick_02_red/castle_brick_02_red_rough_ao_4k.png using Guid(87eb5db982a4f8d4583ceb9783eeef2a) Importer(815301076,1909f56bfc062723c751e8b465ee728b)  -> (artifact id: 'afbe2a74cbd52a1b25ecc1799cee97f7') in 0.033984 seconds
Number of updated asset objects reloaded before import = 0
Number of asset objects unloaded after import = 2
========================================================================
Received Import Request.
  Time since last request: 86.370072 seconds.
  path: Assets/TextureHaven/bricks_4k/bricks_4k_textures/castle_brick_07/castle_brick_07_ao_4k.png
  artifactKey: Guid(1019b092e27b87442b57e3404df9b195) Importer(815301076,1909f56bfc062723c751e8b465ee728b)
Start importing Assets/TextureHaven/bricks_4k/bricks_4k_textures/castle_brick_07/castle_brick_07_ao_4k.png using Guid(1019b092e27b87442b57e3404df9b195) Importer(815301076,1909f56bfc062723c751e8b465ee728b)  -> (artifact id: '81064dfd9d6e53c44ab2c54b8187405f') in 0.040883 seconds
Number of updated asset objects reloaded before import = 0
Number of asset objects unloaded after import = 2
========================================================================
Received Import Request.
  Time since last request: 0.000021 seconds.
  path: Assets/TextureHaven/bricks_4k/bricks_4k_textures/castle_brick_07/castle_brick_07_nor_4k.png
  artifactKey: Guid(f80a71dee3568004484424e7acbe01d7) Importer(815301076,1909f56bfc062723c751e8b465ee728b)
Start importing Assets/TextureHaven/bricks_4k/bricks_4k_textures/castle_brick_07/castle_brick_07_nor_4k.png using Guid(f80a71dee3568004484424e7acbe01d7) Importer(815301076,1909f56bfc062723c751e8b465ee728b)  -> (artifact id: '517b9cd1e9bf0d5b6b93ba2251a15438') in 0.042597 seconds
Number of updated asset objects reloaded before import = 0
Number of asset objects unloaded after import = 2
========================================================================
Received Import Request.
  Time since last request: 0.699464 seconds.
  path: Assets/TextureHaven/bricks_4k/bricks_4k_textures/castle_brick_07/castle_brick_07_rough_4k.png
  artifactKey: Guid(901b76250d24e42499c554e0dd988218) Importer(815301076,1909f56bfc062723c751e8b465ee728b)
Start importing Assets/TextureHaven/bricks_4k/bricks_4k_textures/castle_brick_07/castle_brick_07_rough_4k.png using Guid(901b76250d24e42499c554e0dd988218) Importer(815301076,1909f56bfc062723c751e8b465ee728b)  -> (artifact id: 'f386f647b471a980db587259b6c58e9a') in 0.036338 seconds
Number of updated asset objects reloaded before import = 0
Number of asset objects unloaded after import = 2
========================================================================
Received Import Request.
  Time since last request: 3.602107 seconds.
  path: Packages/com.unity.2d.animation/Editor/Assets/ComponentIcons/Animation.IKLimb On@128.png
  artifactKey: Guid(a7509656986904778b9b80babc278b98) Importer(815301076,1909f56bfc062723c751e8b465ee728b)
Start importing Packages/com.unity.2d.animation/Editor/Assets/ComponentIcons/Animation.IKLimb On@128.png using Guid(a7509656986904778b9b80babc278b98) Importer(815301076,1909f56bfc062723c751e8b465ee728b)  -> (artifact id: '0923a769b9f3fece053258d6ba8cf8a1') in 0.040014 seconds
Number of updated asset objects reloaded before import = 0
Number of asset objects unloaded after import = 3
========================================================================
Received Import Request.
  Time since last request: 0.000035 seconds.
  path: Packages/com.unity.2d.animation/Editor/Assets/ComponentIcons/Animation.IKLimb@128.png
  artifactKey: Guid(8f03a52015a57491094416b25e8e9c18) Importer(815301076,1909f56bfc062723c751e8b465ee728b)
Start importing Packages/com.unity.2d.animation/Editor/Assets/ComponentIcons/Animation.IKLimb@128.png using Guid(8f03a52015a57491094416b25e8e9c18) Importer(815301076,1909f56bfc062723c751e8b465ee728b)  -> (artifact id: 'cd32b1a526e674c08e106a2436e34792') in 0.032560 seconds
Number of updated asset objects reloaded before import = 0
Number of asset objects unloaded after import = 3
========================================================================
Received Import Request.
  Time since last request: 0.004528 seconds.
  path: Packages/com.unity.2d.animation/Editor/Assets/ComponentIcons/Animation.IKManager On.png
  artifactKey: Guid(53c84f3dfe8b04b6db1fb80443fafbaf) Importer(815301076,1909f56bfc062723c751e8b465ee728b)
Start importing Packages/com.unity.2d.animation/Editor/Assets/ComponentIcons/Animation.IKManager On.png using Guid(53c84f3dfe8b04b6db1fb80443fafbaf) Importer(815301076,1909f56bfc062723c751e8b465ee728b)  -> (artifact id: '38de997bcd026895c9bdf69772e1fb56') in 0.032533 seconds
Number of updated asset objects reloaded before import = 0
Number of asset objects unloaded after import = 3
========================================================================
Received Import Request.
  Time since last request: 0.000016 seconds.
  path: Packages/com.unity.2d.animation/Editor/Assets/ComponentIcons/Animation.IKManager On@32.png
  artifactKey: Guid(48e86ca3e41834f60b0eae5fb521cfc4) Importer(815301076,1909f56bfc062723c751e8b465ee728b)
Start importing Packages/com.unity.2d.animation/Editor/Assets/ComponentIcons/Animation.IKManager On@32.png using Guid(48e86ca3e41834f60b0eae5fb521cfc4) Importer(815301076,1909f56bfc062723c751e8b465ee728b)  -> (artifact id: 'ae10aaa2d6d547405babe68e4b1cf47c') in 0.040082 seconds
Number of updated asset objects reloaded before import = 0
Number of asset objects unloaded after import = 3
========================================================================
Received Import Request.
  Time since last request: 0.000018 seconds.
  path: Packages/com.unity.2d.animation/Editor/Assets/ComponentIcons/Animation.IKManager On@128.png
  artifactKey: Guid(5c81e841f99f744f997dfa12ce9c2a82) Importer(815301076,1909f56bfc062723c751e8b465ee728b)
Start importing Packages/com.unity.2d.animation/Editor/Assets/ComponentIcons/Animation.IKManager On@128.png using Guid(5c81e841f99f744f997dfa12ce9c2a82) Importer(815301076,1909f56bfc062723c751e8b465ee728b)  -> (artifact id: 'dfa58e44e7a6e79d1e51153ac687a773') in 0.047508 seconds
Number of updated asset objects reloaded before import = 0
Number of asset objects unloaded after import = 3
========================================================================
Received Import Request.
  Time since last request: 0.000027 seconds.
  path: Packages/com.unity.2d.animation/Editor/Assets/ComponentIcons/Animation.IKLimb@256.png
  artifactKey: Guid(4a3eebea80ac54fd3818f6a36c36168d) Importer(815301076,1909f56bfc062723c751e8b465ee728b)
Start importing Packages/com.unity.2d.animation/Editor/Assets/ComponentIcons/Animation.IKLimb@256.png using Guid(4a3eebea80ac54fd3818f6a36c36168d) Importer(815301076,1909f56bfc062723c751e8b465ee728b)  -> (artifact id: '1c57ed5823dc7ed89c38004986c92632') in 0.039325 seconds
Number of updated asset objects reloaded before import = 0
Number of asset objects unloaded after import = 3
========================================================================
Received Import Request.
  Time since last request: 32.676902 seconds.
  path: Assets/TextureHaven/bricks_4k/bricks_4k_textures/yellow_bricks/yellow_bricks_bump_4k.png
  artifactKey: Guid(7efe09c6c7b92f74a8ead68cfa8d3217) Importer(815301076,1909f56bfc062723c751e8b465ee728b)
Start importing Assets/TextureHaven/bricks_4k/bricks_4k_textures/yellow_bricks/yellow_bricks_bump_4k.png using Guid(7efe09c6c7b92f74a8ead68cfa8d3217) Importer(815301076,1909f56bfc062723c751e8b465ee728b)  -> (artifact id: 'ed6a315a802ac79eb7111374c6c5d435') in 0.065087 seconds
Number of updated asset objects reloaded before import = 0
Number of asset objects unloaded after import = 2
========================================================================
Received Import Request.
  Time since last request: 0.000040 seconds.
  path: Assets/TextureHaven/bricks_4k/bricks_4k_textures/yellow_bricks/yellow_bricks_nor_4k.png
  artifactKey: Guid(ecdf516ad3d065742980798790d2d2d5) Importer(815301076,1909f56bfc062723c751e8b465ee728b)
Start importing Assets/TextureHaven/bricks_4k/bricks_4k_textures/yellow_bricks/yellow_bricks_nor_4k.png using Guid(ecdf516ad3d065742980798790d2d2d5) Importer(815301076,1909f56bfc062723c751e8b465ee728b)  -> (artifact id: '7de496df681d9cedd862d0804015f588') in 0.073201 seconds
Number of updated asset objects reloaded before import = 0
Number of asset objects unloaded after import = 2
========================================================================
Received Import Request.
  Time since last request: 0.533390 seconds.
  path: Assets/TextureHaven/bricks_4k/bricks_4k_textures/yellow_brick/yellow_brick_bump_4k.png
  artifactKey: Guid(7545be63c0ccfd746a9ec8911c54b10a) Importer(815301076,1909f56bfc062723c751e8b465ee728b)
Start importing Assets/TextureHaven/bricks_4k/bricks_4k_textures/yellow_brick/yellow_brick_bump_4k.png using Guid(7545be63c0ccfd746a9ec8911c54b10a) Importer(815301076,1909f56bfc062723c751e8b465ee728b)  -> (artifact id: '1e1339523e18610ccfb5e723c32bffc3') in 0.047632 seconds
Number of updated asset objects reloaded before import = 0
Number of asset objects unloaded after import = 2
========================================================================
Received Import Request.
  Time since last request: 0.000018 seconds.
  path: Assets/TextureHaven/bricks_4k/bricks_4k_textures/yellow_brick/yellow_brick_SpecSmoothness.png
  artifactKey: Guid(3000d646cf847d649acc202c935d680d) Importer(815301076,1909f56bfc062723c751e8b465ee728b)
Start importing Assets/TextureHaven/bricks_4k/bricks_4k_textures/yellow_brick/yellow_brick_SpecSmoothness.png using Guid(3000d646cf847d649acc202c935d680d) Importer(815301076,1909f56bfc062723c751e8b465ee728b)  -> (artifact id: '1b44c7fcffaadb116d078e2d0ef19f15') in 0.065144 seconds
Number of updated asset objects reloaded before import = 0
Number of asset objects unloaded after import = 2
========================================================================
Received Import Request.
  Time since last request: 0.379393 seconds.
  path: Assets/TextureHaven/bricks_4k/bricks_4k_textures/white_bricks/white_bricks_bump_4k.png
  artifactKey: Guid(a8188fd9a03f46b489cc482f862fd36a) Importer(815301076,1909f56bfc062723c751e8b465ee728b)
Start importing Assets/TextureHaven/bricks_4k/bricks_4k_textures/white_bricks/white_bricks_bump_4k.png using Guid(a8188fd9a03f46b489cc482f862fd36a) Importer(815301076,1909f56bfc062723c751e8b465ee728b)  -> (artifact id: '9a593a85f24f8954fbb78835e923db85') in 0.049207 seconds
Number of updated asset objects reloaded before import = 0
Number of asset objects unloaded after import = 2
========================================================================
Received Import Request.
  Time since last request: 0.000017 seconds.
  path: Assets/TextureHaven/bricks_4k/bricks_4k_textures/white_bricks/white_bricks_rough_4k.png
  artifactKey: Guid(bc83e6ee37f88b5409190e8b4d3945b8) Importer(815301076,1909f56bfc062723c751e8b465ee728b)
Start importing Assets/TextureHaven/bricks_4k/bricks_4k_textures/white_bricks/white_bricks_rough_4k.png using Guid(bc83e6ee37f88b5409190e8b4d3945b8) Importer(815301076,1909f56bfc062723c751e8b465ee728b)  -> (artifact id: 'dc4d3bf51a0e2970fdaca95ff96ae0bc') in 0.056273 seconds
Number of updated asset objects reloaded before import = 0
Number of asset objects unloaded after import = 2
Editor requested this worker to shutdown with reason: Scaling down because of idle timeout
TcpMessagingSession - receive error: operation aborted. errorcode: 995, details: La operación de E/S se anuló por una salida de subproceso o por una solicitud de aplicación.
AssetImportWorker is now disconnected from the server
Process exiting
Exiting without the bug reporter. Application will terminate with return code 0