Using pre-set license
Built from '2022.3/release' branch; Version is '2022.3.18f1 (d29bea25151d) revision 13802474'; Using compiler version '192829333'; Build Type 'Release'
OS: 'Windows 10  (10.0.19045) 64bit Professional' Language: 'es' Physical Memory: 16251 MB
BatchMode: 1, IsHumanControllingUs: 0, StartBugReporterOnCrash: 0, Is64bit: 1, IsPro: 1

COMMAND LINE ARGUMENTS:
C:\Program Files\Unity\Hub\Editor\2022.3.18f1\Editor\Unity.exe
-adb2
-batchMode
-noUpm
-name
AssetImportWorker4
-projectPath
C:/Users/ADMIN/Documents/UNITY/LAB05_V2_DSJ
-logFile
Logs/AssetImportWorker4.log
-srvPort
51923
Successfully changed project path to: C:/Users/ADMIN/Documents/UNITY/LAB05_V2_DSJ
C:/Users/ADMIN/Documents/UNITY/LAB05_V2_DSJ
[UnityMemory] Configuration Parameters - Can be set up in boot.config
    "memorysetup-bucket-allocator-granularity=16"
    "memorysetup-bucket-allocator-bucket-count=8"
    "memorysetup-bucket-allocator-block-size=33554432"
    "memorysetup-bucket-allocator-block-count=8"
    "memorysetup-main-allocator-block-size=16777216"
    "memorysetup-thread-allocator-block-size=16777216"
    "memorysetup-gfx-main-allocator-block-size=16777216"
    "memorysetup-gfx-thread-allocator-block-size=16777216"
    "memorysetup-cache-allocator-block-size=4194304"
    "memorysetup-typetree-allocator-block-size=2097152"
    "memorysetup-profiler-bucket-allocator-granularity=16"
    "memorysetup-profiler-bucket-allocator-bucket-count=8"
    "memorysetup-profiler-bucket-allocator-block-size=33554432"
    "memorysetup-profiler-bucket-allocator-block-count=8"
    "memorysetup-profiler-allocator-block-size=16777216"
    "memorysetup-profiler-editor-allocator-block-size=1048576"
    "memorysetup-temp-allocator-size-main=16777216"
    "memorysetup-job-temp-allocator-block-size=2097152"
    "memorysetup-job-temp-allocator-block-size-background=1048576"
    "memorysetup-job-temp-allocator-reduction-small-platforms=262144"
    "memorysetup-allocator-temp-initial-block-size-main=262144"
    "memorysetup-allocator-temp-initial-block-size-worker=262144"
    "memorysetup-temp-allocator-size-background-worker=32768"
    "memorysetup-temp-allocator-size-job-worker=262144"
    "memorysetup-temp-allocator-size-preload-manager=33554432"
    "memorysetup-temp-allocator-size-nav-mesh-worker=65536"
    "memorysetup-temp-allocator-size-audio-worker=65536"
    "memorysetup-temp-allocator-size-cloud-worker=32768"
    "memorysetup-temp-allocator-size-gi-baking-worker=262144"
    "memorysetup-temp-allocator-size-gfx=262144"
Player connection [13744] Host "[IP] 192.168.100.6 [Port] 0 [Flags] 2 [Guid] 1058193692 [EditorId] 1058193692 [Version] 1048832 [Id] WindowsEditor(7,DESKTOP-OSLP85E) [Debug] 1 [PackageName] WindowsEditor [ProjectName] Editor" joined multi-casting on [225.0.0.222:54997]...

Player connection [13744] Host "[IP] 192.168.100.6 [Port] 0 [Flags] 2 [Guid] 1058193692 [EditorId] 1058193692 [Version] 1048832 [Id] WindowsEditor(7,DESKTOP-OSLP85E) [Debug] 1 [PackageName] WindowsEditor [ProjectName] Editor" joined alternative multi-casting on [225.0.0.222:34997]...

[Physics::Module] Initialized MultithreadedJobDispatcher with 15 workers.
Refreshing native plugins compatible for Editor in 8.82 ms, found 3 plugins.
Preloading 0 native plugins for Editor in 0.00 ms.
Initialize engine version: 2022.3.18f1 (d29bea25151d)
[Subsystems] Discovering subsystems at path C:/Program Files/Unity/Hub/Editor/2022.3.18f1/Editor/Data/Resources/UnitySubsystems
[Subsystems] Discovering subsystems at path C:/Users/ADMIN/Documents/UNITY/LAB05_V2_DSJ/Assets
GfxDevice: creating device client; threaded=0; jobified=0
Direct3D:
    Version:  Direct3D 11.0 [level 11.1]
    Renderer: NVIDIA GeForce GTX 1650 (ID=0x2188)
    Vendor:   NVIDIA
    VRAM:     3935 MB
    Driver:   32.0.15.6094
Initialize mono
Mono path[0] = 'C:/Program Files/Unity/Hub/Editor/2022.3.18f1/Editor/Data/Managed'
Mono path[1] = 'C:/Program Files/Unity/Hub/Editor/2022.3.18f1/Editor/Data/MonoBleedingEdge/lib/mono/unityjit-win32'
Mono config path = 'C:/Program Files/Unity/Hub/Editor/2022.3.18f1/Editor/Data/MonoBleedingEdge/etc'
Using monoOptions --debugger-agent=transport=dt_socket,embedding=1,server=y,suspend=n,address=127.0.0.1:56120
Begin MonoManager ReloadAssembly
Registering precompiled unity dll's ...
Register platform support module: C:/Program Files/Unity/Hub/Editor/2022.3.18f1/Editor/Data/PlaybackEngines/AndroidPlayer/UnityEditor.Android.Extensions.dll
Register platform support module: C:/Program Files/Unity/Hub/Editor/2022.3.18f1/Editor/Data/PlaybackEngines/WindowsStandaloneSupport/UnityEditor.WindowsStandalone.Extensions.dll
Registered in 0.010122 seconds.
- Loaded All Assemblies, in  0.353 seconds
Native extension for WindowsStandalone target not found
Native extension for Android target not found
Android Extension - Scanning For ADB Devices 260 ms
Mono: successfully reloaded assembly
- Finished resetting the current domain, in  0.561 seconds
Domain Reload Profiling: 912ms
	BeginReloadAssembly (106ms)
		ExecutionOrderSort (0ms)
		DisableScriptedObjects (0ms)
		BackupInstance (0ms)
		ReleaseScriptingObjects (0ms)
		CreateAndSetChildDomain (1ms)
	RebuildCommonClasses (31ms)
	RebuildNativeTypeToScriptingClass (10ms)
	initialDomainReloadingComplete (62ms)
	LoadAllAssembliesAndSetupDomain (142ms)
		LoadAssemblies (104ms)
		RebuildTransferFunctionScriptingTraits (0ms)
		AnalyzeDomain (140ms)
			TypeCache.Refresh (138ms)
				TypeCache.ScanAssembly (126ms)
			ScanForSourceGeneratedMonoScriptInfo (0ms)
			ResolveRequiredComponents (0ms)
	FinalizeReload (561ms)
		ReleaseScriptCaches (0ms)
		RebuildScriptCaches (0ms)
		SetupLoadedEditorAssemblies (510ms)
			LogAssemblyErrors (0ms)
			InitializePlatformSupportModulesInManaged (360ms)
			SetLoadedEditorAssemblies (4ms)
			RefreshPlugins (0ms)
			BeforeProcessingInitializeOnLoad (2ms)
			ProcessInitializeOnLoadAttributes (104ms)
			ProcessInitializeOnLoadMethodAttributes (41ms)
			AfterProcessingInitializeOnLoad (0ms)
			EditorAssembliesLoaded (0ms)
		ExecutionOrderSort2 (0ms)
		AwakeInstancesAfterBackupRestoration (0ms)
========================================================================
Worker process is ready to serve import requests
Begin MonoManager ReloadAssembly
- Loaded All Assemblies, in  0.621 seconds
Refreshing native plugins compatible for Editor in 3.99 ms, found 3 plugins.
Native extension for WindowsStandalone target not found
Native extension for Android target not found
Mono: successfully reloaded assembly
- Finished resetting the current domain, in  0.514 seconds
Domain Reload Profiling: 1132ms
	BeginReloadAssembly (151ms)
		ExecutionOrderSort (0ms)
		DisableScriptedObjects (5ms)
		BackupInstance (0ms)
		ReleaseScriptingObjects (0ms)
		CreateAndSetChildDomain (20ms)
	RebuildCommonClasses (37ms)
	RebuildNativeTypeToScriptingClass (10ms)
	initialDomainReloadingComplete (40ms)
	LoadAllAssembliesAndSetupDomain (380ms)
		LoadAssemblies (306ms)
		RebuildTransferFunctionScriptingTraits (0ms)
		AnalyzeDomain (168ms)
			TypeCache.Refresh (147ms)
				TypeCache.ScanAssembly (129ms)
			ScanForSourceGeneratedMonoScriptInfo (14ms)
			ResolveRequiredComponents (6ms)
	FinalizeReload (514ms)
		ReleaseScriptCaches (0ms)
		RebuildScriptCaches (0ms)
		SetupLoadedEditorAssemblies (375ms)
			LogAssemblyErrors (0ms)
			InitializePlatformSupportModulesInManaged (23ms)
			SetLoadedEditorAssemblies (3ms)
			RefreshPlugins (0ms)
			BeforeProcessingInitializeOnLoad (56ms)
			ProcessInitializeOnLoadAttributes (263ms)
			ProcessInitializeOnLoadMethodAttributes (21ms)
			AfterProcessingInitializeOnLoad (9ms)
			EditorAssembliesLoaded (0ms)
		ExecutionOrderSort2 (0ms)
		AwakeInstancesAfterBackupRestoration (7ms)
Launched and connected shader compiler UnityShaderCompiler.exe after 0.05 seconds
Refreshing native plugins compatible for Editor in 4.56 ms, found 3 plugins.
Preloading 0 native plugins for Editor in 0.00 ms.
Unloading 3136 Unused Serialized files (Serialized files now loaded: 0)
Unloading 33 unused Assets / (57.0 KB). Loaded Objects now: 3600.
Memory consumption went from 129.0 MB to 129.0 MB.
Total: 2.945800 ms (FindLiveObjects: 0.275900 ms CreateObjectMapping: 0.252500 ms MarkObjects: 2.332300 ms  DeleteObjects: 0.084600 ms)

AssetImportParameters requested are different than current active one (requested -> active):
  custom:container-demuxer-ogg: 62fdf1f143b41e24485cea50d1cbac27 -> 
  custom:video-decoder-ogg-theora: a1e56fd34408186e4bbccfd4996cb3dc -> 
  custom:framework-win-MediaFoundation: 216162199b28c13a410421893ffa2e32 -> 
  custom:CustomObjectIndexerAttribute: 6d391050e5a25f67b0a2c618074f2cd9 -> 
  custom:container-demuxer-webm: 4f35f7cbe854078d1ac9338744f61a02 -> 
  custom:container-muxer-webm: aa71ff27fc2769a1b78a27578f13a17b -> 
  custom:video-decoder-webm-vp8: 9c59270c3fd7afecdb556c50c9e8de78 -> 
  custom:SearchIndexIgnoredProperties: e643bd26f0fe6173181afceb89e7c659 -> 
  custom:AudioImporter_EditorPlatform: d09bf68614088b80899f8185d706f6e7 -> 
  custom:video-encoder-webm-vp8: eb34c28f22e8b96e1ab97ce403110664 -> 
  custom:audio-decoder-ogg-vorbis: bf7c407c2cedff20999df2af8eb42d56 -> 
  custom:audio-encoder-webm-vorbis: bf7c407c2cedff20999df2af8eb42d56 -> 
========================================================================
Received Import Request.
  Time since last request: 10640.509809 seconds.
  path: Assets/Unity Technologies/CarsAssetPack/Prefabs/Lights.prefab
  artifactKey: Guid(1912f3bd9eb0a044384f0be389db9d51) Importer(815301076,1909f56bfc062723c751e8b465ee728b)
Start importing Assets/Unity Technologies/CarsAssetPack/Prefabs/Lights.prefab using Guid(1912f3bd9eb0a044384f0be389db9d51) Importer(815301076,1909f56bfc062723c751e8b465ee728b)  -> (artifact id: '40db8bca9a1058dbf6c6a8322b4edd0d') in 0.161172 seconds
Number of updated asset objects reloaded before import = 0
Number of asset objects unloaded after import = 7
========================================================================
Received Import Request.
  Time since last request: 17.687619 seconds.
  path: Assets/Unity Technologies/CarsAssetPack/Scenes/DemoScene.unity
  artifactKey: Guid(dfd0973428510d943818ad44687ac8b1) Importer(815301076,1909f56bfc062723c751e8b465ee728b)
Start importing Assets/Unity Technologies/CarsAssetPack/Scenes/DemoScene.unity using Guid(dfd0973428510d943818ad44687ac8b1) Importer(815301076,1909f56bfc062723c751e8b465ee728b)  -> (artifact id: '82d0280e5397d6b0bf8ecbdfabf68826') in 0.000785 seconds
Number of updated asset objects reloaded before import = 0
Number of asset objects unloaded after import = 0
========================================================================
Received Import Request.
  Time since last request: 16.261735 seconds.
  path: Assets/BEDRILL/Track_Environment_Free/Materials/Environment_Free_Material.mat
  artifactKey: Guid(b191529dbda163843876d34008f8139a) Importer(815301076,1909f56bfc062723c751e8b465ee728b)
Start importing Assets/BEDRILL/Track_Environment_Free/Materials/Environment_Free_Material.mat using Guid(b191529dbda163843876d34008f8139a) Importer(815301076,1909f56bfc062723c751e8b465ee728b)  -> (artifact id: 'b37ba5d361c057ae5845687e1c68275a') in 0.101581 seconds
Number of updated asset objects reloaded before import = 0
Number of asset objects unloaded after import = 2
========================================================================
Received Import Request.
  Time since last request: 1.111235 seconds.
  path: Assets/BEDRILL/Track_Environment_Free/Models/Arch_01_free.fbx
  artifactKey: Guid(ee05a77639c729f448c842f5462f0b4b) Importer(815301076,1909f56bfc062723c751e8b465ee728b)
Start importing Assets/BEDRILL/Track_Environment_Free/Models/Arch_01_free.fbx using Guid(ee05a77639c729f448c842f5462f0b4b) Importer(815301076,1909f56bfc062723c751e8b465ee728b)  -> (artifact id: '68a3e600481dc979b930fd31845576f8') in 0.045532 seconds
Number of updated asset objects reloaded before import = 0
Number of asset objects unloaded after import = 9
========================================================================
Received Import Request.
  Time since last request: 0.000025 seconds.
  path: Assets/BEDRILL/Track_Environment_Free/Models/Traffic_light_free.fbx
  artifactKey: Guid(cd4943d3cd4d51d4598679f546348626) Importer(815301076,1909f56bfc062723c751e8b465ee728b)
Start importing Assets/BEDRILL/Track_Environment_Free/Models/Traffic_light_free.fbx using Guid(cd4943d3cd4d51d4598679f546348626) Importer(815301076,1909f56bfc062723c751e8b465ee728b)  -> (artifact id: 'a6022fc065eda1eb75381dca99fa405a') in 0.029120 seconds
Number of updated asset objects reloaded before import = 0
Number of asset objects unloaded after import = 9
========================================================================
Received Import Request.
  Time since last request: 0.000026 seconds.
  path: Assets/BEDRILL/Track_Environment_Free/Models/Sign_free.fbx
  artifactKey: Guid(fd3accc54eafe0a4c8fbd42c3b715148) Importer(815301076,1909f56bfc062723c751e8b465ee728b)
Start importing Assets/BEDRILL/Track_Environment_Free/Models/Sign_free.fbx using Guid(fd3accc54eafe0a4c8fbd42c3b715148) Importer(815301076,1909f56bfc062723c751e8b465ee728b)  -> (artifact id: '7421d3091cc3795fdbaf2ffe1455c8e3') in 0.033324 seconds
Number of updated asset objects reloaded before import = 0
Number of asset objects unloaded after import = 9
========================================================================
Received Import Request.
  Time since last request: 0.000021 seconds.
  path: Assets/BEDRILL/Track_Environment_Free/Models/Barrier_free.fbx
  artifactKey: Guid(fc7e863a8c68106469f94461e8a8cec1) Importer(815301076,1909f56bfc062723c751e8b465ee728b)
Start importing Assets/BEDRILL/Track_Environment_Free/Models/Barrier_free.fbx using Guid(fc7e863a8c68106469f94461e8a8cec1) Importer(815301076,1909f56bfc062723c751e8b465ee728b)  -> (artifact id: '65871e1617b6efd34a54f4f910bcea14') in 0.040240 seconds
Number of updated asset objects reloaded before import = 0
Number of asset objects unloaded after import = 9
========================================================================
Received Import Request.
  Time since last request: 0.000021 seconds.
  path: Assets/BEDRILL/Track_Environment_Free/Models/Cone_free.fbx
  artifactKey: Guid(41d39579352781a469fa30b8617ec422) Importer(815301076,1909f56bfc062723c751e8b465ee728b)
Start importing Assets/BEDRILL/Track_Environment_Free/Models/Cone_free.fbx using Guid(41d39579352781a469fa30b8617ec422) Importer(815301076,1909f56bfc062723c751e8b465ee728b)  -> (artifact id: '9722cde28e2c2c7acf9188b21994ab58') in 0.022554 seconds
Number of updated asset objects reloaded before import = 0
Number of asset objects unloaded after import = 9
========================================================================
Received Import Request.
  Time since last request: 0.000019 seconds.
  path: Assets/BEDRILL/Track_Environment_Free/Models/Tribune_free.fbx
  artifactKey: Guid(29a2224320214ef489d7ecf10d4141dd) Importer(815301076,1909f56bfc062723c751e8b465ee728b)
Start importing Assets/BEDRILL/Track_Environment_Free/Models/Tribune_free.fbx using Guid(29a2224320214ef489d7ecf10d4141dd) Importer(815301076,1909f56bfc062723c751e8b465ee728b)  -> (artifact id: 'fbda8636bce002dff05b420ec1d18b0d') in 0.030519 seconds
Number of updated asset objects reloaded before import = 0
Number of asset objects unloaded after import = 9
========================================================================
Received Import Request.
  Time since last request: 0.000018 seconds.
  path: Assets/BEDRILL/Track_Environment_Free/Models/Arrow_01_free.fbx
  artifactKey: Guid(bce2e842bb981e54d9fca3268ae02e8e) Importer(815301076,1909f56bfc062723c751e8b465ee728b)
Start importing Assets/BEDRILL/Track_Environment_Free/Models/Arrow_01_free.fbx using Guid(bce2e842bb981e54d9fca3268ae02e8e) Importer(815301076,1909f56bfc062723c751e8b465ee728b)  -> (artifact id: '9361371e6f399324a38a5e1e90cd1b9b') in 0.038899 seconds
Number of updated asset objects reloaded before import = 0
Number of asset objects unloaded after import = 9
========================================================================
Received Import Request.
  Time since last request: 1.681954 seconds.
  path: Assets/BEDRILL/Track_Environment_Free/Prefabs/Arch_01_free_obs.prefab
  artifactKey: Guid(63f7e3a5ea486a9438b4cd3142c7dc92) Importer(815301076,1909f56bfc062723c751e8b465ee728b)
Start importing Assets/BEDRILL/Track_Environment_Free/Prefabs/Arch_01_free_obs.prefab using Guid(63f7e3a5ea486a9438b4cd3142c7dc92) Importer(815301076,1909f56bfc062723c751e8b465ee728b)  -> (artifact id: '1f4c58313c2c382869f69d5cf995a747') in 0.014906 seconds
Number of updated asset objects reloaded before import = 0
Number of asset objects unloaded after import = 10
========================================================================
Received Import Request.
  Time since last request: 0.000030 seconds.
  path: Assets/BEDRILL/Track_Environment_Free/Prefabs/Sign_free_obs.prefab
  artifactKey: Guid(fca05fc86b15f0d4da25ed7793db4384) Importer(815301076,1909f56bfc062723c751e8b465ee728b)
Start importing Assets/BEDRILL/Track_Environment_Free/Prefabs/Sign_free_obs.prefab using Guid(fca05fc86b15f0d4da25ed7793db4384) Importer(815301076,1909f56bfc062723c751e8b465ee728b)  -> (artifact id: '3efc1b2112bde9a264336f802c6628be') in 0.015340 seconds
Number of updated asset objects reloaded before import = 0
Number of asset objects unloaded after import = 10
========================================================================
Received Import Request.
  Time since last request: 0.000037 seconds.
  path: Assets/BEDRILL/Track_Environment_Free/Prefabs/Fence_concrete_free_obs.prefab
  artifactKey: Guid(7f98c8176bfca7347b11006aac2c90ce) Importer(815301076,1909f56bfc062723c751e8b465ee728b)
Start importing Assets/BEDRILL/Track_Environment_Free/Prefabs/Fence_concrete_free_obs.prefab using Guid(7f98c8176bfca7347b11006aac2c90ce) Importer(815301076,1909f56bfc062723c751e8b465ee728b)  -> (artifact id: '67863d4f68e053008661cd970816156c') in 0.015246 seconds
Number of updated asset objects reloaded before import = 0
Number of asset objects unloaded after import = 10
========================================================================
Received Import Request.
  Time since last request: 0.000032 seconds.
  path: Assets/BEDRILL/Track_Environment_Free/Prefabs/Arch_for_banner_free_obs.prefab
  artifactKey: Guid(27f69fe37e0c8c44f97be1aba8f406cd) Importer(815301076,1909f56bfc062723c751e8b465ee728b)
Start importing Assets/BEDRILL/Track_Environment_Free/Prefabs/Arch_for_banner_free_obs.prefab using Guid(27f69fe37e0c8c44f97be1aba8f406cd) Importer(815301076,1909f56bfc062723c751e8b465ee728b)  -> (artifact id: 'bdd18a42288ad5e25f26d3b307d68abe') in 0.030046 seconds
Number of updated asset objects reloaded before import = 0
Number of asset objects unloaded after import = 10
========================================================================
Received Import Request.
  Time since last request: 0.000025 seconds.
  path: Assets/BEDRILL/Track_Environment_Free/Prefabs/Arrow_01_free_obs.prefab
  artifactKey: Guid(b2de576461b3e6349bb43cd827e123ed) Importer(815301076,1909f56bfc062723c751e8b465ee728b)
Start importing Assets/BEDRILL/Track_Environment_Free/Prefabs/Arrow_01_free_obs.prefab using Guid(b2de576461b3e6349bb43cd827e123ed) Importer(815301076,1909f56bfc062723c751e8b465ee728b)  -> (artifact id: 'bf7ee1e87c38f548c5742ade07d681e5') in 0.014886 seconds
Number of updated asset objects reloaded before import = 0
Number of asset objects unloaded after import = 10
========================================================================
Received Import Request.
  Time since last request: 0.000019 seconds.
  path: Assets/BEDRILL/Track_Environment_Free/Prefabs/Cone_free_obs.prefab
  artifactKey: Guid(b6e6982b772a1bc46b88d93db630bee4) Importer(815301076,1909f56bfc062723c751e8b465ee728b)
Start importing Assets/BEDRILL/Track_Environment_Free/Prefabs/Cone_free_obs.prefab using Guid(b6e6982b772a1bc46b88d93db630bee4) Importer(815301076,1909f56bfc062723c751e8b465ee728b)  -> (artifact id: 'e935e74b079dbc6f7b0008527a00c0ad') in 0.015707 seconds
Number of updated asset objects reloaded before import = 0
Number of asset objects unloaded after import = 10
========================================================================
Received Import Request.
  Time since last request: 0.000018 seconds.
  path: Assets/BEDRILL/Track_Environment_Free/Prefabs/Tribune_free_obs.prefab
  artifactKey: Guid(d83bf5421fa587548b541193382273ea) Importer(815301076,1909f56bfc062723c751e8b465ee728b)
Start importing Assets/BEDRILL/Track_Environment_Free/Prefabs/Tribune_free_obs.prefab using Guid(d83bf5421fa587548b541193382273ea) Importer(815301076,1909f56bfc062723c751e8b465ee728b)  -> (artifact id: '303ab95080bd0d95dfde58156a718613') in 0.014351 seconds
Number of updated asset objects reloaded before import = 0
Number of asset objects unloaded after import = 10
========================================================================
Received Import Request.
  Time since last request: 3.908181 seconds.
  path: Assets/BEDRILL/Track_Environment_Free/Textures/Track_Texture.png
  artifactKey: Guid(df3a2f2806cd8074cb8235cf73db76f9) Importer(815301076,1909f56bfc062723c751e8b465ee728b)
Start importing Assets/BEDRILL/Track_Environment_Free/Textures/Track_Texture.png using Guid(df3a2f2806cd8074cb8235cf73db76f9) Importer(815301076,1909f56bfc062723c751e8b465ee728b)  -> (artifact id: '6d8c78588fa9e3600470ffcc241bc540') in 0.067504 seconds
Number of updated asset objects reloaded before import = 0
Number of asset objects unloaded after import = 2
========================================================================
Received Import Request.
  Time since last request: 507.370621 seconds.
  path: Assets/BEDRILL/Modular_Track_Free/Material/Plane.mat
  artifactKey: Guid(7001abcca0920d644afe9a9bf4b656ec) Importer(815301076,1909f56bfc062723c751e8b465ee728b)
Start importing Assets/BEDRILL/Modular_Track_Free/Material/Plane.mat using Guid(7001abcca0920d644afe9a9bf4b656ec) Importer(815301076,1909f56bfc062723c751e8b465ee728b)  -> (artifact id: '09cf9970321388a31c08873e55c5d39f') in 0.016997 seconds
Number of updated asset objects reloaded before import = 0
Number of asset objects unloaded after import = 1
========================================================================
Received Import Request.
  Time since last request: 0.495701 seconds.
  path: Assets/BEDRILL/Modular_Track_Free/Models/Lawn_plane_15m_free.fbx
  artifactKey: Guid(a0d1c32e1d6bda04fac5e67d071c679a) Importer(815301076,1909f56bfc062723c751e8b465ee728b)
Start importing Assets/BEDRILL/Modular_Track_Free/Models/Lawn_plane_15m_free.fbx using Guid(a0d1c32e1d6bda04fac5e67d071c679a) Importer(815301076,1909f56bfc062723c751e8b465ee728b)  -> (artifact id: 'e4325d73728078155f23e6ba45ad35a1') in 0.018512 seconds
Number of updated asset objects reloaded before import = 0
Number of asset objects unloaded after import = 9
========================================================================
Received Import Request.
  Time since last request: 0.026990 seconds.
  path: Assets/BEDRILL/Modular_Track_Free/Models/Track_Corner_90d_type_01_15x15m_quad_free.fbx
  artifactKey: Guid(bbd9233d969d6fc41986006524ad3103) Importer(815301076,1909f56bfc062723c751e8b465ee728b)
Start importing Assets/BEDRILL/Modular_Track_Free/Models/Track_Corner_90d_type_01_15x15m_quad_free.fbx using Guid(bbd9233d969d6fc41986006524ad3103) Importer(815301076,1909f56bfc062723c751e8b465ee728b)  -> (artifact id: '410b4b537c62c03d1f16c248ff18bb62') in 0.023041 seconds
Number of updated asset objects reloaded before import = 0
Number of asset objects unloaded after import = 9
========================================================================
Received Import Request.
  Time since last request: 0.000020 seconds.
  path: Assets/BEDRILL/Modular_Track_Free/Models/Track_Fence_line_type_01_red_block_1&5m_free.fbx
  artifactKey: Guid(b5d873b652534f54fb382689325a8ed0) Importer(815301076,1909f56bfc062723c751e8b465ee728b)
Start importing Assets/BEDRILL/Modular_Track_Free/Models/Track_Fence_line_type_01_red_block_1&5m_free.fbx using Guid(b5d873b652534f54fb382689325a8ed0) Importer(815301076,1909f56bfc062723c751e8b465ee728b)  -> (artifact id: '99392d4ae0cffa9281dddb82e484c7e9') in 0.020394 seconds
Number of updated asset objects reloaded before import = 0
Number of asset objects unloaded after import = 9
========================================================================
Received Import Request.
  Time since last request: 0.000034 seconds.
  path: Assets/BEDRILL/Modular_Track_Free/Models/Track_line_type_01_15m_free.fbx
  artifactKey: Guid(fabe91f604127994ab9fcef58cb0b2ce) Importer(815301076,1909f56bfc062723c751e8b465ee728b)
Start importing Assets/BEDRILL/Modular_Track_Free/Models/Track_line_type_01_15m_free.fbx using Guid(fabe91f604127994ab9fcef58cb0b2ce) Importer(815301076,1909f56bfc062723c751e8b465ee728b)  -> (artifact id: 'df8df5dc0ec14eefc1ba5f902fb25a49') in 0.020498 seconds
Number of updated asset objects reloaded before import = 0
Number of asset objects unloaded after import = 9
========================================================================
Received Import Request.
  Time since last request: 0.000043 seconds.
  path: Assets/BEDRILL/Modular_Track_Free/Models/Track_Corner_90d_type_01_30x30m_free.fbx
  artifactKey: Guid(5175279fb16e48044b7fde28997771c6) Importer(815301076,1909f56bfc062723c751e8b465ee728b)
Start importing Assets/BEDRILL/Modular_Track_Free/Models/Track_Corner_90d_type_01_30x30m_free.fbx using Guid(5175279fb16e48044b7fde28997771c6) Importer(815301076,1909f56bfc062723c751e8b465ee728b)  -> (artifact id: '55b208d1840ecf58d2770a7edda3a446') in 0.018781 seconds
Number of updated asset objects reloaded before import = 0
Number of asset objects unloaded after import = 9
========================================================================
Received Import Request.
  Time since last request: 0.000018 seconds.
  path: Assets/BEDRILL/Modular_Track_Free/Models/Track_line_type_01_start_finish_15m_free.fbx
  artifactKey: Guid(6c0492ec64e98194f801795ea282dd3d) Importer(815301076,1909f56bfc062723c751e8b465ee728b)
Start importing Assets/BEDRILL/Modular_Track_Free/Models/Track_line_type_01_start_finish_15m_free.fbx using Guid(6c0492ec64e98194f801795ea282dd3d) Importer(815301076,1909f56bfc062723c751e8b465ee728b)  -> (artifact id: '35cc4ed9e6eef0cd3ce6997ed534df2f') in 0.016944 seconds
Number of updated asset objects reloaded before import = 0
Number of asset objects unloaded after import = 9
========================================================================
Received Import Request.
  Time since last request: 3.521289 seconds.
  path: Assets/BEDRILL/Modular_Track_Free/Prefabs_Obs/Lawn_plane_15m_free_obs.prefab
  artifactKey: Guid(d9ab2401bf6839744952d1947386d8b3) Importer(815301076,1909f56bfc062723c751e8b465ee728b)
Start importing Assets/BEDRILL/Modular_Track_Free/Prefabs_Obs/Lawn_plane_15m_free_obs.prefab using Guid(d9ab2401bf6839744952d1947386d8b3) Importer(815301076,1909f56bfc062723c751e8b465ee728b)  -> (artifact id: '0e3ee8db0b45b49b058a1619b11ca3be') in 0.014061 seconds
Number of updated asset objects reloaded before import = 0
Number of asset objects unloaded after import = 10
========================================================================
Received Import Request.
  Time since last request: 0.000018 seconds.
  path: Assets/BEDRILL/Modular_Track_Free/Prefabs_Obs/Track_line_type_01_start_finish_15m_free_obs.prefab
  artifactKey: Guid(419b5557461398443a4b99d9496015fc) Importer(815301076,1909f56bfc062723c751e8b465ee728b)
Start importing Assets/BEDRILL/Modular_Track_Free/Prefabs_Obs/Track_line_type_01_start_finish_15m_free_obs.prefab using Guid(419b5557461398443a4b99d9496015fc) Importer(815301076,1909f56bfc062723c751e8b465ee728b)  -> (artifact id: '00fbc0c38edb412a3da9dcb9e52054c3') in 0.014941 seconds
Number of updated asset objects reloaded before import = 0
Number of asset objects unloaded after import = 10
========================================================================
Received Import Request.
  Time since last request: 0.000015 seconds.
  path: Assets/BEDRILL/Modular_Track_Free/Prefabs_Obs/Track_Fence_line_type_01_white_block_1&5m_free_obs.prefab
  artifactKey: Guid(484e95a1def424c4b9f1ad821e0c226a) Importer(815301076,1909f56bfc062723c751e8b465ee728b)
Start importing Assets/BEDRILL/Modular_Track_Free/Prefabs_Obs/Track_Fence_line_type_01_white_block_1&5m_free_obs.prefab using Guid(484e95a1def424c4b9f1ad821e0c226a) Importer(815301076,1909f56bfc062723c751e8b465ee728b)  -> (artifact id: 'bb99ea9143003211d594cc0541d69df1') in 0.018780 seconds
Number of updated asset objects reloaded before import = 0
Number of asset objects unloaded after import = 10
========================================================================
Received Import Request.
  Time since last request: 0.000022 seconds.
  path: Assets/BEDRILL/Modular_Track_Free/Prefabs_Obs/Track_Corner_90d_type_01_30x30m_quad_free_obs.prefab
  artifactKey: Guid(ac0f6076afd4dde4f82fd5097f69adc9) Importer(815301076,1909f56bfc062723c751e8b465ee728b)
Start importing Assets/BEDRILL/Modular_Track_Free/Prefabs_Obs/Track_Corner_90d_type_01_30x30m_quad_free_obs.prefab using Guid(ac0f6076afd4dde4f82fd5097f69adc9) Importer(815301076,1909f56bfc062723c751e8b465ee728b)  -> (artifact id: '978f769a4f5d04b9eaeb31ff1ffa6165') in 0.016338 seconds
Number of updated asset objects reloaded before import = 0
Number of asset objects unloaded after import = 10
========================================================================
Received Import Request.
  Time since last request: 0.000021 seconds.
  path: Assets/BEDRILL/Modular_Track_Free/Prefabs_Obs/Track_Fence_line_type_01_red_block_1&5m_free_obs.prefab
  artifactKey: Guid(f5d3c5e0f5f32c141911c08deee9e94d) Importer(815301076,1909f56bfc062723c751e8b465ee728b)
Start importing Assets/BEDRILL/Modular_Track_Free/Prefabs_Obs/Track_Fence_line_type_01_red_block_1&5m_free_obs.prefab using Guid(f5d3c5e0f5f32c141911c08deee9e94d) Importer(815301076,1909f56bfc062723c751e8b465ee728b)  -> (artifact id: 'eb3b270dc8c7b7b9cee11e04256378d3') in 0.014456 seconds
Number of updated asset objects reloaded before import = 0
Number of asset objects unloaded after import = 10
========================================================================
Received Import Request.
  Time since last request: 0.000017 seconds.
  path: Assets/BEDRILL/Modular_Track_Free/Prefabs_Obs/Track_Corner_90d_type_01_30x30m_free_obs.prefab
  artifactKey: Guid(233c6ac239f5f764f802f62bea56397e) Importer(815301076,1909f56bfc062723c751e8b465ee728b)
Start importing Assets/BEDRILL/Modular_Track_Free/Prefabs_Obs/Track_Corner_90d_type_01_30x30m_free_obs.prefab using Guid(233c6ac239f5f764f802f62bea56397e) Importer(815301076,1909f56bfc062723c751e8b465ee728b)  -> (artifact id: '14bbe2c5d01b437ded0dbd8e06f17c20') in 0.014280 seconds
Number of updated asset objects reloaded before import = 0
Number of asset objects unloaded after import = 10
========================================================================
Received Import Request.
  Time since last request: 1.550335 seconds.
  path: Assets/BEDRILL/Modular_Track_Free/Textures/Track_Texture_free.png
  artifactKey: Guid(e20c5566c2b00a242a9599805b1eda07) Importer(815301076,1909f56bfc062723c751e8b465ee728b)
Start importing Assets/BEDRILL/Modular_Track_Free/Textures/Track_Texture_free.png using Guid(e20c5566c2b00a242a9599805b1eda07) Importer(815301076,1909f56bfc062723c751e8b465ee728b)  -> (artifact id: '105a8502c6cc5001f30291237f866936') in 0.017541 seconds
Number of updated asset objects reloaded before import = 0
Number of asset objects unloaded after import = 2
Editor requested this worker to shutdown with reason: Scaling down because of idle timeout
TcpMessagingSession - receive error: operation aborted. errorcode: 995, details: La operación de E/S se anuló por una salida de subproceso o por una solicitud de aplicación.
AssetImportWorker is now disconnected from the server
Process exiting
Exiting without the bug reporter. Application will terminate with return code 0